app/build/intermediates/manifest_merge_blame_file/debug/manifest-merger-blame-debug-report.txt
1<?xml version="1.0" encoding="utf-8"?>
2<manifest xmlns:android="http://schemas.android.com/apk/res/android"
3    package="com.example.pokemon"
4    android:versionCode="1"
5    android:versionName="1.0" >
6
7    <uses-sdk
8        android:minSdkVersion="21"
8-->src\main\AndroidManifest.xml
9        android:targetSdkVersion="32" />
9-->src\main\AndroidManifest.xml
10
11    <uses-permission android:name="android.permission.INTERNET" />
11-->src\main\AndroidManifest.xml:5:5-67
11-->src\main\AndroidManifest.xml:5:22-64
12    <uses-permission android:name="android.permission.ACCESS_NETWORK_STATE" />
12-->src\main\AndroidManifest.xml:6:5-79
12-->src\main\AndroidManifest.xml:6:22-76
13
14    <application
14-->src\main\AndroidManifest.xml:8:5-33:19
15        android:allowBackup="true"
15-->src\main\AndroidManifest.xml:9:9-35
16        android:appComponentFactory="androidx.core.app.CoreComponentFactory"
16-->[androidx.core:core:1.8.0] AndroidManifest.xml:24:18-86
17        android:dataExtractionRules="@xml/data_extraction_rules"
17-->src\main\AndroidManifest.xml:10:9-65
18        android:debuggable="true"
19        android:fullBackupContent="@xml/backup_rules"
19-->src\main\AndroidManifest.xml:11:9-54
20        android:icon="@mipmap/ic_launcher"
20-->src\main\AndroidManifest.xml:12:9-43
21        android:label="@string/app_name"
21-->src\main\AndroidManifest.xml:13:9-41
22        android:roundIcon="@mipmap/ic_launcher_round"
22-->src\main\AndroidManifest.xml:14:9-54
23        android:supportsRtl="true"
23-->src\main\AndroidManifest.xml:15:9-35
24        android:testOnly="true"
25        android:theme="@style/Theme.Pokemon" >
25-->src\main\AndroidManifest.xml:16:9-45
26        <activity
26-->src\main\AndroidManifest.xml:18:9-32:20
27            android:name="com.example.pokemon.MainActivity"
27-->src\main\AndroidManifest.xml:19:13-41
28            android:exported="true"
28-->src\main\AndroidManifest.xml:20:13-36
29            android:label="@string/app_name"
29-->src\main\AndroidManifest.xml:21:13-45
30            android:theme="@style/Theme.Pokemon.NoActionBar" >
30-->src\main\AndroidManifest.xml:22:13-61
31            <intent-filter>
31-->src\main\AndroidManifest.xml:23:13-27:29
32                <action android:name="android.intent.action.MAIN" />
32-->src\main\AndroidManifest.xml:24:17-69
32-->src\main\AndroidManifest.xml:24:25-66
33
34                <category android:name="android.intent.category.LAUNCHER" />
34-->src\main\AndroidManifest.xml:26:17-77
34-->src\main\AndroidManifest.xml:26:27-74
35            </intent-filter>
36
37            <meta-data
37-->src\main\AndroidManifest.xml:29:13-31:36
38                android:name="android.app.lib_name"
38-->src\main\AndroidManifest.xml:30:17-52
39                android:value="" />
39-->src\main\AndroidManifest.xml:31:17-33
40        </activity>
41
42        <uses-library
42-->[androidx.window:window:1.0.0] AndroidManifest.xml:25:9-27:40
43            android:name="androidx.window.extensions"
43-->[androidx.window:window:1.0.0] AndroidManifest.xml:26:13-54
44            android:required="false" />
44-->[androidx.window:window:1.0.0] AndroidManifest.xml:27:13-37
45        <uses-library
45-->[androidx.window:window:1.0.0] AndroidManifest.xml:28:9-30:40
46            android:name="androidx.window.sidecar"
46-->[androidx.window:window:1.0.0] AndroidManifest.xml:29:13-51
47            android:required="false" />
47-->[androidx.window:window:1.0.0] AndroidManifest.xml:30:13-37
48
49        <service
49-->[androidx.room:room-runtime:2.4.3] AndroidManifest.xml:25:9-28:40
50            android:name="androidx.room.MultiInstanceInvalidationService"
50-->[androidx.room:room-runtime:2.4.3] AndroidManifest.xml:26:13-74
51            android:directBootAware="true"
51-->[androidx.room:room-runtime:2.4.3] AndroidManifest.xml:27:13-43
52            android:exported="false" />
52-->[androidx.room:room-runtime:2.4.3] AndroidManifest.xml:28:13-37
53
54        <provider
54-->[androidx.emoji2:emoji2:1.2.0] AndroidManifest.xml:24:9-32:20
55            android:name="androidx.startup.InitializationProvider"
55-->[androidx.emoji2:emoji2:1.2.0] AndroidManifest.xml:25:13-67
56            android:authorities="com.example.pokemon.androidx-startup"
56-->[androidx.emoji2:emoji2:1.2.0] AndroidManifest.xml:26:13-68
57            android:exported="false" >
57-->[androidx.emoji2:emoji2:1.2.0] AndroidManifest.xml:27:13-37
58            <meta-data
58-->[androidx.emoji2:emoji2:1.2.0] AndroidManifest.xml:29:13-31:52
59                android:name="androidx.emoji2.text.EmojiCompatInitializer"
59-->[androidx.emoji2:emoji2:1.2.0] AndroidManifest.xml:30:17-75
60                android:value="androidx.startup" />
60-->[androidx.emoji2:emoji2:1.2.0] AndroidManifest.xml:31:17-49
61            <meta-data
61-->[androidx.lifecycle:lifecycle-process:2.4.1] AndroidManifest.xml:31:13-33:52
62                android:name="androidx.lifecycle.ProcessLifecycleInitializer"
62-->[androidx.lifecycle:lifecycle-process:2.4.1] AndroidManifest.xml:32:17-78
63                android:value="androidx.startup" />
63-->[androidx.lifecycle:lifecycle-process:2.4.1] AndroidManifest.xml:33:17-49
64        </provider>
65    </application>
66
67</manifest>